[debug] [2020-01-20T19:27:14.397Z] ----------------------------------------------------------------------
[debug] [2020-01-20T19:27:14.399Z] Command:       C:\Program Files\nodejs\node.exe C:\Users\maria\AppData\Roaming\npm\node_modules\firebase-tools\lib\bin\firebase.js init
[debug] [2020-01-20T19:27:14.399Z] CLI Version:   7.11.0
[debug] [2020-01-20T19:27:14.400Z] Platform:      win32
[debug] [2020-01-20T19:27:14.400Z] Node Version:  v12.14.0
[debug] [2020-01-20T19:27:14.400Z] Time:          Mon Jan 20 2020 13:27:14 GMT-0600 (Central Standard Time)
[debug] [2020-01-20T19:27:14.401Z] ----------------------------------------------------------------------
[debug] [2020-01-20T19:27:14.401Z] 
[debug] [2020-01-20T19:27:14.406Z] > command requires scopes: ["email","openid","https://www.googleapis.com/auth/cloudplatformprojects.readonly","https://www.googleapis.com/auth/firebase","https://www.googleapis.com/auth/cloud-platform"]
[debug] [2020-01-20T19:27:14.406Z] > authorizing via signed-in user
[info] 
     ######## #### ########  ######## ########     ###     ######  ########
     ##        ##  ##     ## ##       ##     ##  ##   ##  ##       ##
     ######    ##  ########  ######   ########  #########  ######  ######
     ##        ##  ##    ##  ##       ##     ## ##     ##       ## ##
     ##       #### ##     ## ######## ########  ##     ##  ######  ########

You're about to initialize a Firebase project in this directory:

  C:\users\maria\workspace\react\exercises\shark-attack

[info] 
=== Project Setup
[info] 
[info] First, let's associate this project directory with a Firebase project.
[info] You can create multiple project aliases by running firebase use --add, 
[info] but for now we'll just set up a default project.
[info] 
[debug] [2020-01-20T19:27:35.190Z] >>> HTTP REQUEST GET https://firebase.googleapis.com/v1beta1/projects?pageSize=100  
 
[debug] [2020-01-20T19:27:35.568Z] <<< HTTP RESPONSE 200
[debug] [2020-01-20T19:28:05.002Z] Error: kill ENOSYS
    at process.kill (internal/process/per_thread.js:189:13)
    at process.listener (C:\Users\maria\AppData\Roaming\npm\node_modules\firebase-tools\node_modules\signal-exit\index.js:95:15)
    at process.emit (events.js:210:5)
[error] 
[error] Error: An unexpected error has occurred.
